This file contains any messages produced by compilers while
running configure, to aid debugging if configure makes a mistake.

It was created by zoodis configure 0.1, which was
generated by GNU Autoconf 2.68.  Invocation command line was

  $ ./configure 

## --------- ##
## Platform. ##
## --------- ##

hostname = jinoos-note
uname -m = x86_64
uname -r = 3.11.0-18-generic
uname -s = Linux
uname -v = #32~precise1-Ubuntu SMP Thu Feb 20 17:52:10 UTC 2014

/usr/bin/uname -p = unknown
/bin/uname -X     = unknown

/bin/arch              = unknown
/usr/bin/arch -k       = unknown
/usr/convex/getsysinfo = unknown
/usr/bin/hostinfo      = unknown
/bin/machine           = unknown
/usr/bin/oslevel       = unknown
/bin/universe          = unknown

PATH: /usr/lib/lightdm/lightdm
PATH: /usr/local/sbin
PATH: /usr/local/bin
PATH: /usr/sbin
PATH: /usr/bin
PATH: /sbin
PATH: /bin
PATH: /usr/games
PATH: .


## ----------- ##
## Core tests. ##
## ----------- ##

configure:2268: checking for a BSD-compatible install
configure:2336: result: /usr/bin/install -c
configure:2347: checking whether build environment is sane
configure:2397: result: yes
configure:2538: checking for a thread-safe mkdir -p
configure:2577: result: /bin/mkdir -p
configure:2590: checking for gawk
configure:2606: found /usr/bin/gawk
configure:2617: result: gawk
configure:2628: checking whether make sets $(MAKE)
configure:2650: result: yes
configure:2784: checking for gcc
configure:2800: found /usr/bin/gcc
configure:2811: result: gcc
configure:3040: checking for C compiler version
configure:3049: gcc --version >&5
gcc (Ubuntu/Linaro 4.6.3-1ubuntu5) 4.6.3
Copyright (C) 2011 Free Software Foundation, Inc.
This is free software; see the source for copying conditions.  There is NO
warranty; not even for MERCHANTABILITY or FITNESS FOR A PARTICULAR PURPOSE.

configure:3060: $? = 0
configure:3049: gcc -v >&5
Using built-in specs.
COLLECT_GCC=gcc
COLLECT_LTO_WRAPPER=/usr/lib/gcc/x86_64-linux-gnu/4.6/lto-wrapper
Target: x86_64-linux-gnu
Configured with: ../src/configure -v --with-pkgversion='Ubuntu/Linaro 4.6.3-1ubuntu5' --with-bugurl=file:///usr/share/doc/gcc-4.6/README.Bugs --enable-languages=c,c++,fortran,objc,obj-c++ --prefix=/usr --program-suffix=-4.6 --enable-shared --enable-linker-build-id --with-system-zlib --libexecdir=/usr/lib --without-included-gettext --enable-threads=posix --with-gxx-include-dir=/usr/include/c++/4.6 --libdir=/usr/lib --enable-nls --with-sysroot=/ --enable-clocale=gnu --enable-libstdcxx-debug --enable-libstdcxx-time=yes --enable-gnu-unique-object --enable-plugin --enable-objc-gc --disable-werror --with-arch-32=i686 --with-tune=generic --enable-checking=release --build=x86_64-linux-gnu --host=x86_64-linux-gnu --target=x86_64-linux-gnu
Thread model: posix
gcc version 4.6.3 (Ubuntu/Linaro 4.6.3-1ubuntu5) 
configure:3060: $? = 0
configure:3049: gcc -V >&5
gcc: error: unrecognized option '-V'
gcc: fatal error: no input files
compilation terminated.
configure:3060: $? = 4
configure:3049: gcc -qversion >&5
gcc: error: unrecognized option '-qversion'
gcc: fatal error: no input files
compilation terminated.
configure:3060: $? = 4
configure:3080: checking whether the C compiler works
configure:3102: gcc    conftest.c  >&5
configure:3106: $? = 0
configure:3154: result: yes
configure:3157: checking for C compiler default output file name
configure:3159: result: a.out
configure:3165: checking for suffix of executables
configure:3172: gcc -o conftest    conftest.c  >&5
configure:3176: $? = 0
configure:3198: result: 
configure:3220: checking whether we are cross compiling
configure:3228: gcc -o conftest    conftest.c  >&5
configure:3232: $? = 0
configure:3239: ./conftest
configure:3243: $? = 0
configure:3258: result: no
configure:3263: checking for suffix of object files
configure:3285: gcc -c   conftest.c >&5
configure:3289: $? = 0
configure:3310: result: o
configure:3314: checking whether we are using the GNU C compiler
configure:3333: gcc -c   conftest.c >&5
configure:3333: $? = 0
configure:3342: result: yes
configure:3351: checking whether gcc accepts -g
configure:3371: gcc -c -g  conftest.c >&5
configure:3371: $? = 0
configure:3412: result: yes
configure:3429: checking for gcc option to accept ISO C89
configure:3493: gcc  -c -g -O2  conftest.c >&5
configure:3493: $? = 0
configure:3506: result: none needed
configure:3537: checking for style of include used by make
configure:3565: result: GNU
configure:3591: checking dependency style of gcc
configure:3702: result: gcc3
configure:3721: checking for getenv in -lzookeeper_mt
configure:3746: gcc -o conftest -g -O2   conftest.c -lzookeeper_mt   >&5
configure:3746: $? = 0
configure:3755: result: yes
configure:3773: checking how to run the C preprocessor
configure:3804: gcc -E  conftest.c
configure:3804: $? = 0
configure:3818: gcc -E  conftest.c
conftest.c:12:28: fatal error: ac_nonexistent.h: No such file or directory
compilation terminated.
configure:3818: $? = 1
configure: failed program was:
| /* confdefs.h */
| #define PACKAGE_NAME "zoodis"
| #define PACKAGE_TARNAME "zoodis"
| #define PACKAGE_VERSION "0.1"
| #define PACKAGE_STRING "zoodis 0.1"
| #define PACKAGE_BUGREPORT "jinoos@gmail.com"
| #define PACKAGE_URL ""
| #define PACKAGE "hello"
| #define VERSION "0.1"
| #define HAVE_LIBZOOKEEPER_MT 1
| /* end confdefs.h.  */
| #include <ac_nonexistent.h>
configure:3843: result: gcc -E
configure:3863: gcc -E  conftest.c
configure:3863: $? = 0
configure:3877: gcc -E  conftest.c
conftest.c:12:28: fatal error: ac_nonexistent.h: No such file or directory
compilation terminated.
configure:3877: $? = 1
configure: failed program was:
| /* confdefs.h */
| #define PACKAGE_NAME "zoodis"
| #define PACKAGE_TARNAME "zoodis"
| #define PACKAGE_VERSION "0.1"
| #define PACKAGE_STRING "zoodis 0.1"
| #define PACKAGE_BUGREPORT "jinoos@gmail.com"
| #define PACKAGE_URL ""
| #define PACKAGE "hello"
| #define VERSION "0.1"
| #define HAVE_LIBZOOKEEPER_MT 1
| /* end confdefs.h.  */
| #include <ac_nonexistent.h>
configure:3906: checking for grep that handles long lines and -e
configure:3964: result: /bin/grep
configure:3969: checking for egrep
configure:4031: result: /bin/grep -E
configure:4036: checking for ANSI C header files
configure:4056: gcc -c -g -O2  conftest.c >&5
configure:4056: $? = 0
configure:4129: gcc -o conftest -g -O2   conftest.c -lzookeeper_mt  >&5
configure:4129: $? = 0
configure:4129: ./conftest
configure:4129: $? = 0
configure:4140: result: yes
configure:4153: checking for sys/types.h
configure:4153: gcc -c -g -O2  conftest.c >&5
configure:4153: $? = 0
configure:4153: result: yes
configure:4153: checking for sys/stat.h
configure:4153: gcc -c -g -O2  conftest.c >&5
configure:4153: $? = 0
configure:4153: result: yes
configure:4153: checking for stdlib.h
configure:4153: gcc -c -g -O2  conftest.c >&5
configure:4153: $? = 0
configure:4153: result: yes
configure:4153: checking for string.h
configure:4153: gcc -c -g -O2  conftest.c >&5
configure:4153: $? = 0
configure:4153: result: yes
configure:4153: checking for memory.h
configure:4153: gcc -c -g -O2  conftest.c >&5
configure:4153: $? = 0
configure:4153: result: yes
configure:4153: checking for strings.h
configure:4153: gcc -c -g -O2  conftest.c >&5
configure:4153: $? = 0
configure:4153: result: yes
configure:4153: checking for inttypes.h
configure:4153: gcc -c -g -O2  conftest.c >&5
configure:4153: $? = 0
configure:4153: result: yes
configure:4153: checking for stdint.h
configure:4153: gcc -c -g -O2  conftest.c >&5
configure:4153: $? = 0
configure:4153: result: yes
configure:4153: checking for unistd.h
configure:4153: gcc -c -g -O2  conftest.c >&5
configure:4153: $? = 0
configure:4153: result: yes
configure:4167: checking zookeeper/zookeeper.h usability
configure:4167: gcc -c -g -O2  conftest.c >&5
configure:4167: $? = 0
configure:4167: result: yes
configure:4167: checking zookeeper/zookeeper.h presence
configure:4167: gcc -E  conftest.c
configure:4167: $? = 0
configure:4167: result: yes
configure:4167: checking for zookeeper/zookeeper.h
configure:4167: result: yes
configure:4184: checking arpa/inet.h usability
configure:4184: gcc -c -g -O2  conftest.c >&5
configure:4184: $? = 0
configure:4184: result: yes
configure:4184: checking arpa/inet.h presence
configure:4184: gcc -E  conftest.c
configure:4184: $? = 0
configure:4184: result: yes
configure:4184: checking for arpa/inet.h
configure:4184: result: yes
configure:4184: checking for inttypes.h
configure:4184: result: yes
configure:4184: checking for stdint.h
configure:4184: result: yes
configure:4184: checking for stdlib.h
configure:4184: result: yes
configure:4184: checking for string.h
configure:4184: result: yes
configure:4184: checking sys/socket.h usability
configure:4184: gcc -c -g -O2  conftest.c >&5
configure:4184: $? = 0
configure:4184: result: yes
configure:4184: checking sys/socket.h presence
configure:4184: gcc -E  conftest.c
configure:4184: $? = 0
configure:4184: result: yes
configure:4184: checking for sys/socket.h
configure:4184: result: yes
configure:4184: checking sys/time.h usability
configure:4184: gcc -c -g -O2  conftest.c >&5
configure:4184: $? = 0
configure:4184: result: yes
configure:4184: checking sys/time.h presence
configure:4184: gcc -E  conftest.c
configure:4184: $? = 0
configure:4184: result: yes
configure:4184: checking for sys/time.h
configure:4184: result: yes
configure:4184: checking for unistd.h
configure:4184: result: yes
configure:4196: checking for inline
configure:4212: gcc -c -g -O2  conftest.c >&5
configure:4212: $? = 0
configure:4220: result: inline
configure:4238: checking for pid_t
configure:4238: gcc -c -g -O2  conftest.c >&5
configure:4238: $? = 0
configure:4238: gcc -c -g -O2  conftest.c >&5
conftest.c: In function 'main':
conftest.c:67:20: error: expected expression before ')' token
configure:4238: $? = 1
configure: failed program was:
| /* confdefs.h */
| #define PACKAGE_NAME "zoodis"
| #define PACKAGE_TARNAME "zoodis"
| #define PACKAGE_VERSION "0.1"
| #define PACKAGE_STRING "zoodis 0.1"
| #define PACKAGE_BUGREPORT "jinoos@gmail.com"
| #define PACKAGE_URL ""
| #define PACKAGE "hello"
| #define VERSION "0.1"
| #define HAVE_LIBZOOKEEPER_MT 1
| #define STDC_HEADERS 1
| #define HAVE_SYS_TYPES_H 1
| #define HAVE_SYS_STAT_H 1
| #define HAVE_STDLIB_H 1
| #define HAVE_STRING_H 1
| #define HAVE_MEMORY_H 1
| #define HAVE_STRINGS_H 1
| #define HAVE_INTTYPES_H 1
| #define HAVE_STDINT_H 1
| #define HAVE_UNISTD_H 1
| #define HAVE_ZOOKEEPER_ZOOKEEPER_H 1
| #define HAVE_ARPA_INET_H 1
| #define HAVE_INTTYPES_H 1
| #define HAVE_STDINT_H 1
| #define HAVE_STDLIB_H 1
| #define HAVE_STRING_H 1
| #define HAVE_SYS_SOCKET_H 1
| #define HAVE_SYS_TIME_H 1
| #define HAVE_UNISTD_H 1
| /* end confdefs.h.  */
| #include <stdio.h>
| #ifdef HAVE_SYS_TYPES_H
| # include <sys/types.h>
| #endif
| #ifdef HAVE_SYS_STAT_H
| # include <sys/stat.h>
| #endif
| #ifdef STDC_HEADERS
| # include <stdlib.h>
| # include <stddef.h>
| #else
| # ifdef HAVE_STDLIB_H
| #  include <stdlib.h>
| # endif
| #endif
| #ifdef HAVE_STRING_H
| # if !defined STDC_HEADERS && defined HAVE_MEMORY_H
| #  include <memory.h>
| # endif
| # include <string.h>
| #endif
| #ifdef HAVE_STRINGS_H
| # include <strings.h>
| #endif
| #ifdef HAVE_INTTYPES_H
| # include <inttypes.h>
| #endif
| #ifdef HAVE_STDINT_H
| # include <stdint.h>
| #endif
| #ifdef HAVE_UNISTD_H
| # include <unistd.h>
| #endif
| int
| main ()
| {
| if (sizeof ((pid_t)))
| 	    return 0;
|   ;
|   return 0;
| }
configure:4238: result: yes
configure:4249: checking for size_t
configure:4249: gcc -c -g -O2  conftest.c >&5
configure:4249: $? = 0
configure:4249: gcc -c -g -O2  conftest.c >&5
conftest.c: In function 'main':
conftest.c:67:21: error: expected expression before ')' token
configure:4249: $? = 1
configure: failed program was:
| /* confdefs.h */
| #define PACKAGE_NAME "zoodis"
| #define PACKAGE_TARNAME "zoodis"
| #define PACKAGE_VERSION "0.1"
| #define PACKAGE_STRING "zoodis 0.1"
| #define PACKAGE_BUGREPORT "jinoos@gmail.com"
| #define PACKAGE_URL ""
| #define PACKAGE "hello"
| #define VERSION "0.1"
| #define HAVE_LIBZOOKEEPER_MT 1
| #define STDC_HEADERS 1
| #define HAVE_SYS_TYPES_H 1
| #define HAVE_SYS_STAT_H 1
| #define HAVE_STDLIB_H 1
| #define HAVE_STRING_H 1
| #define HAVE_MEMORY_H 1
| #define HAVE_STRINGS_H 1
| #define HAVE_INTTYPES_H 1
| #define HAVE_STDINT_H 1
| #define HAVE_UNISTD_H 1
| #define HAVE_ZOOKEEPER_ZOOKEEPER_H 1
| #define HAVE_ARPA_INET_H 1
| #define HAVE_INTTYPES_H 1
| #define HAVE_STDINT_H 1
| #define HAVE_STDLIB_H 1
| #define HAVE_STRING_H 1
| #define HAVE_SYS_SOCKET_H 1
| #define HAVE_SYS_TIME_H 1
| #define HAVE_UNISTD_H 1
| /* end confdefs.h.  */
| #include <stdio.h>
| #ifdef HAVE_SYS_TYPES_H
| # include <sys/types.h>
| #endif
| #ifdef HAVE_SYS_STAT_H
| # include <sys/stat.h>
| #endif
| #ifdef STDC_HEADERS
| # include <stdlib.h>
| # include <stddef.h>
| #else
| # ifdef HAVE_STDLIB_H
| #  include <stdlib.h>
| # endif
| #endif
| #ifdef HAVE_STRING_H
| # if !defined STDC_HEADERS && defined HAVE_MEMORY_H
| #  include <memory.h>
| # endif
| # include <string.h>
| #endif
| #ifdef HAVE_STRINGS_H
| # include <strings.h>
| #endif
| #ifdef HAVE_INTTYPES_H
| # include <inttypes.h>
| #endif
| #ifdef HAVE_STDINT_H
| # include <stdint.h>
| #endif
| #ifdef HAVE_UNISTD_H
| # include <unistd.h>
| #endif
| int
| main ()
| {
| if (sizeof ((size_t)))
| 	    return 0;
|   ;
|   return 0;
| }
configure:4249: result: yes
configure:4260: checking for uint64_t
configure:4260: gcc -c -g -O2  conftest.c >&5
configure:4260: $? = 0
configure:4260: result: yes
configure:4278: checking vfork.h usability
configure:4278: gcc -c -g -O2  conftest.c >&5
conftest.c:64:19: fatal error: vfork.h: No such file or directory
compilation terminated.
configure:4278: $? = 1
configure: failed program was:
| /* confdefs.h */
| #define PACKAGE_NAME "zoodis"
| #define PACKAGE_TARNAME "zoodis"
| #define PACKAGE_VERSION "0.1"
| #define PACKAGE_STRING "zoodis 0.1"
| #define PACKAGE_BUGREPORT "jinoos@gmail.com"
| #define PACKAGE_URL ""
| #define PACKAGE "hello"
| #define VERSION "0.1"
| #define HAVE_LIBZOOKEEPER_MT 1
| #define STDC_HEADERS 1
| #define HAVE_SYS_TYPES_H 1
| #define HAVE_SYS_STAT_H 1
| #define HAVE_STDLIB_H 1
| #define HAVE_STRING_H 1
| #define HAVE_MEMORY_H 1
| #define HAVE_STRINGS_H 1
| #define HAVE_INTTYPES_H 1
| #define HAVE_STDINT_H 1
| #define HAVE_UNISTD_H 1
| #define HAVE_ZOOKEEPER_ZOOKEEPER_H 1
| #define HAVE_ARPA_INET_H 1
| #define HAVE_INTTYPES_H 1
| #define HAVE_STDINT_H 1
| #define HAVE_STDLIB_H 1
| #define HAVE_STRING_H 1
| #define HAVE_SYS_SOCKET_H 1
| #define HAVE_SYS_TIME_H 1
| #define HAVE_UNISTD_H 1
| /* end confdefs.h.  */
| #include <stdio.h>
| #ifdef HAVE_SYS_TYPES_H
| # include <sys/types.h>
| #endif
| #ifdef HAVE_SYS_STAT_H
| # include <sys/stat.h>
| #endif
| #ifdef STDC_HEADERS
| # include <stdlib.h>
| # include <stddef.h>
| #else
| # ifdef HAVE_STDLIB_H
| #  include <stdlib.h>
| # endif
| #endif
| #ifdef HAVE_STRING_H
| # if !defined STDC_HEADERS && defined HAVE_MEMORY_H
| #  include <memory.h>
| # endif
| # include <string.h>
| #endif
| #ifdef HAVE_STRINGS_H
| # include <strings.h>
| #endif
| #ifdef HAVE_INTTYPES_H
| # include <inttypes.h>
| #endif
| #ifdef HAVE_STDINT_H
| # include <stdint.h>
| #endif
| #ifdef HAVE_UNISTD_H
| # include <unistd.h>
| #endif
| #include <vfork.h>
configure:4278: result: no
configure:4278: checking vfork.h presence
configure:4278: gcc -E  conftest.c
conftest.c:31:19: fatal error: vfork.h: No such file or directory
compilation terminated.
configure:4278: $? = 1
configure: failed program was:
| /* confdefs.h */
| #define PACKAGE_NAME "zoodis"
| #define PACKAGE_TARNAME "zoodis"
| #define PACKAGE_VERSION "0.1"
| #define PACKAGE_STRING "zoodis 0.1"
| #define PACKAGE_BUGREPORT "jinoos@gmail.com"
| #define PACKAGE_URL ""
| #define PACKAGE "hello"
| #define VERSION "0.1"
| #define HAVE_LIBZOOKEEPER_MT 1
| #define STDC_HEADERS 1
| #define HAVE_SYS_TYPES_H 1
| #define HAVE_SYS_STAT_H 1
| #define HAVE_STDLIB_H 1
| #define HAVE_STRING_H 1
| #define HAVE_MEMORY_H 1
| #define HAVE_STRINGS_H 1
| #define HAVE_INTTYPES_H 1
| #define HAVE_STDINT_H 1
| #define HAVE_UNISTD_H 1
| #define HAVE_ZOOKEEPER_ZOOKEEPER_H 1
| #define HAVE_ARPA_INET_H 1
| #define HAVE_INTTYPES_H 1
| #define HAVE_STDINT_H 1
| #define HAVE_STDLIB_H 1
| #define HAVE_STRING_H 1
| #define HAVE_SYS_SOCKET_H 1
| #define HAVE_SYS_TIME_H 1
| #define HAVE_UNISTD_H 1
| /* end confdefs.h.  */
| #include <vfork.h>
configure:4278: result: no
configure:4278: checking for vfork.h
configure:4278: result: no
configure:4291: checking for fork
configure:4291: gcc -o conftest -g -O2   conftest.c -lzookeeper_mt  >&5
conftest.c:54:6: warning: conflicting types for built-in function 'fork' [enabled by default]
configure:4291: $? = 0
configure:4291: result: yes
configure:4291: checking for vfork
configure:4291: gcc -o conftest -g -O2   conftest.c -lzookeeper_mt  >&5
configure:4291: $? = 0
configure:4291: result: yes
configure:4301: checking for working fork
configure:4323: gcc -o conftest -g -O2   conftest.c -lzookeeper_mt  >&5
configure:4323: $? = 0
configure:4323: ./conftest
configure:4323: $? = 0
configure:4333: result: yes
configure:4354: checking for working vfork
configure:4464: result: yes
configure:4489: checking whether lstat correctly handles trailing slash
configure:4515: gcc -o conftest -g -O2   conftest.c -lzookeeper_mt  >&5
configure:4515: $? = 0
configure:4515: ./conftest
configure:4515: $? = 0
configure:4532: result: yes
configure:4553: checking for stdlib.h
configure:4553: result: yes
configure:4563: checking for GNU libc compatible malloc
configure:4587: gcc -o conftest -g -O2   conftest.c -lzookeeper_mt  >&5
configure:4587: $? = 0
configure:4587: ./conftest
configure:4587: $? = 0
configure:4597: result: yes
configure:4621: checking for gettimeofday
configure:4621: gcc -o conftest -g -O2   conftest.c -lzookeeper_mt  >&5
configure:4621: $? = 0
configure:4621: result: yes
configure:4621: checking for memset
configure:4621: gcc -o conftest -g -O2   conftest.c -lzookeeper_mt  >&5
conftest.c:62:6: warning: conflicting types for built-in function 'memset' [enabled by default]
configure:4621: $? = 0
configure:4621: result: yes
configure:4621: checking for select
configure:4621: gcc -o conftest -g -O2   conftest.c -lzookeeper_mt  >&5
configure:4621: $? = 0
configure:4621: result: yes
configure:4621: checking for socket
configure:4621: gcc -o conftest -g -O2   conftest.c -lzookeeper_mt  >&5
configure:4621: $? = 0
configure:4621: result: yes
configure:4621: checking for strerror
configure:4621: gcc -o conftest -g -O2   conftest.c -lzookeeper_mt  >&5
configure:4621: $? = 0
configure:4621: result: yes
configure:4763: creating ./config.status

## ---------------------- ##
## Running config.status. ##
## ---------------------- ##

This file was extended by zoodis config.status 0.1, which was
generated by GNU Autoconf 2.68.  Invocation command line was

  CONFIG_FILES    = 
  CONFIG_HEADERS  = 
  CONFIG_LINKS    = 
  CONFIG_COMMANDS = 
  $ ./config.status 

on jinoos-note

config.status:883: creating Makefile
config.status:883: creating src/Makefile
config.status:883: creating config.h
config.status:1064: config.h is unchanged
config.status:1112: executing depfiles commands

## ---------------- ##
## Cache variables. ##
## ---------------- ##

ac_cv_c_compiler_gnu=yes
ac_cv_c_inline=inline
ac_cv_c_uint64_t=yes
ac_cv_env_CC_set=
ac_cv_env_CC_value=
ac_cv_env_CFLAGS_set=
ac_cv_env_CFLAGS_value=
ac_cv_env_CPPFLAGS_set=
ac_cv_env_CPPFLAGS_value=
ac_cv_env_CPP_set=
ac_cv_env_CPP_value=
ac_cv_env_LDFLAGS_set=
ac_cv_env_LDFLAGS_value=
ac_cv_env_LIBS_set=
ac_cv_env_LIBS_value=
ac_cv_env_build_alias_set=
ac_cv_env_build_alias_value=
ac_cv_env_host_alias_set=
ac_cv_env_host_alias_value=
ac_cv_env_target_alias_set=
ac_cv_env_target_alias_value=
ac_cv_func_fork=yes
ac_cv_func_fork_works=yes
ac_cv_func_gettimeofday=yes
ac_cv_func_lstat_dereferences_slashed_symlink=yes
ac_cv_func_malloc_0_nonnull=yes
ac_cv_func_memset=yes
ac_cv_func_select=yes
ac_cv_func_socket=yes
ac_cv_func_strerror=yes
ac_cv_func_vfork=yes
ac_cv_func_vfork_works=yes
ac_cv_header_arpa_inet_h=yes
ac_cv_header_inttypes_h=yes
ac_cv_header_memory_h=yes
ac_cv_header_stdc=yes
ac_cv_header_stdint_h=yes
ac_cv_header_stdlib_h=yes
ac_cv_header_string_h=yes
ac_cv_header_strings_h=yes
ac_cv_header_sys_socket_h=yes
ac_cv_header_sys_stat_h=yes
ac_cv_header_sys_time_h=yes
ac_cv_header_sys_types_h=yes
ac_cv_header_unistd_h=yes
ac_cv_header_vfork_h=no
ac_cv_header_zookeeper_zookeeper_h=yes
ac_cv_lib_zookeeper_mt_getenv=yes
ac_cv_objext=o
ac_cv_path_EGREP='/bin/grep -E'
ac_cv_path_GREP=/bin/grep
ac_cv_path_install='/usr/bin/install -c'
ac_cv_path_mkdir=/bin/mkdir
ac_cv_prog_AWK=gawk
ac_cv_prog_CPP='gcc -E'
ac_cv_prog_ac_ct_CC=gcc
ac_cv_prog_cc_c89=
ac_cv_prog_cc_g=yes
ac_cv_prog_make_make_set=yes
ac_cv_type_pid_t=yes
ac_cv_type_size_t=yes
am_cv_CC_dependencies_compiler_type=gcc3

## ----------------- ##
## Output variables. ##
## ----------------- ##

ACLOCAL='${SHELL} /home/jinoos/dev/github/zoodis/missing --run aclocal-1.11'
AMDEPBACKSLASH='\'
AMDEP_FALSE='#'
AMDEP_TRUE=''
AMTAR='$${TAR-tar}'
AUTOCONF='${SHELL} /home/jinoos/dev/github/zoodis/missing --run autoconf'
AUTOHEADER='${SHELL} /home/jinoos/dev/github/zoodis/missing --run autoheader'
AUTOMAKE='${SHELL} /home/jinoos/dev/github/zoodis/missing --run automake-1.11'
AWK='gawk'
CC='gcc'
CCDEPMODE='depmode=gcc3'
CFLAGS='-g -O2'
CPP='gcc -E'
CPPFLAGS=''
CYGPATH_W='echo'
DEFS='-DHAVE_CONFIG_H'
DEPDIR='.deps'
ECHO_C=''
ECHO_N='-n'
ECHO_T=''
EGREP='/bin/grep -E'
EXEEXT=''
GREP='/bin/grep'
INSTALL_DATA='${INSTALL} -m 644'
INSTALL_PROGRAM='${INSTALL}'
INSTALL_SCRIPT='${INSTALL}'
INSTALL_STRIP_PROGRAM='$(install_sh) -c -s'
LDFLAGS=''
LIBOBJS=''
LIBS='-lzookeeper_mt '
LTLIBOBJS=''
MAKEINFO='${SHELL} /home/jinoos/dev/github/zoodis/missing --run makeinfo'
MKDIR_P='/bin/mkdir -p'
OBJEXT='o'
PACKAGE='hello'
PACKAGE_BUGREPORT='jinoos@gmail.com'
PACKAGE_NAME='zoodis'
PACKAGE_STRING='zoodis 0.1'
PACKAGE_TARNAME='zoodis'
PACKAGE_URL=''
PACKAGE_VERSION='0.1'
PATH_SEPARATOR=':'
SET_MAKE=''
SHELL='/bin/bash'
STRIP=''
VERSION='0.1'
ac_ct_CC='gcc'
am__EXEEXT_FALSE=''
am__EXEEXT_TRUE='#'
am__fastdepCC_FALSE='#'
am__fastdepCC_TRUE=''
am__include='include'
am__isrc=''
am__leading_dot='.'
am__nodep='_no'
am__quote=''
am__tar='$${TAR-tar} chof - "$$tardir"'
am__untar='$${TAR-tar} xf -'
bindir='${exec_prefix}/bin'
build_alias=''
datadir='${datarootdir}'
datarootdir='${prefix}/share'
docdir='${datarootdir}/doc/${PACKAGE_TARNAME}'
dvidir='${docdir}'
exec_prefix='${prefix}'
host_alias=''
htmldir='${docdir}'
includedir='${prefix}/include'
infodir='${datarootdir}/info'
install_sh='${SHELL} /home/jinoos/dev/github/zoodis/install-sh'
libdir='${exec_prefix}/lib'
libexecdir='${exec_prefix}/libexec'
localedir='${datarootdir}/locale'
localstatedir='${prefix}/var'
mandir='${datarootdir}/man'
mkdir_p='/bin/mkdir -p'
oldincludedir='/usr/include'
pdfdir='${docdir}'
prefix='/usr/local'
program_transform_name='s,x,x,'
psdir='${docdir}'
sbindir='${exec_prefix}/sbin'
sharedstatedir='${prefix}/com'
sysconfdir='${prefix}/etc'
target_alias=''

## ----------- ##
## confdefs.h. ##
## ----------- ##

/* confdefs.h */
#define PACKAGE_NAME "zoodis"
#define PACKAGE_TARNAME "zoodis"
#define PACKAGE_VERSION "0.1"
#define PACKAGE_STRING "zoodis 0.1"
#define PACKAGE_BUGREPORT "jinoos@gmail.com"
#define PACKAGE_URL ""
#define PACKAGE "hello"
#define VERSION "0.1"
#define HAVE_LIBZOOKEEPER_MT 1
#define STDC_HEADERS 1
#define HAVE_SYS_TYPES_H 1
#define HAVE_SYS_STAT_H 1
#define HAVE_STDLIB_H 1
#define HAVE_STRING_H 1
#define HAVE_MEMORY_H 1
#define HAVE_STRINGS_H 1
#define HAVE_INTTYPES_H 1
#define HAVE_STDINT_H 1
#define HAVE_UNISTD_H 1
#define HAVE_ZOOKEEPER_ZOOKEEPER_H 1
#define HAVE_ARPA_INET_H 1
#define HAVE_INTTYPES_H 1
#define HAVE_STDINT_H 1
#define HAVE_STDLIB_H 1
#define HAVE_STRING_H 1
#define HAVE_SYS_SOCKET_H 1
#define HAVE_SYS_TIME_H 1
#define HAVE_UNISTD_H 1
#define HAVE_FORK 1
#define HAVE_VFORK 1
#define HAVE_WORKING_VFORK 1
#define HAVE_WORKING_FORK 1
#define LSTAT_FOLLOWS_SLASHED_SYMLINK 1
#define HAVE_STDLIB_H 1
#define HAVE_MALLOC 1
#define HAVE_GETTIMEOFDAY 1
#define HAVE_MEMSET 1
#define HAVE_SELECT 1
#define HAVE_SOCKET 1
#define HAVE_STRERROR 1

configure: exit 0
